# JRE version: OpenJDK Runtime Environment Corretto-21.0.9.10.1 (21.0.9+10) (build 21.0.9+10-LTS)
# Java VM: OpenJDK 64-Bit Server VM Corretto-21.0.9.10.1 (21.0.9+10-LTS, mixed mode, sharing, tiered, compressed oops, compressed class ptrs, g1 gc, windows-amd64)
GC Precious Log:
 CardTable entry size: 512
 Card Set container configuration: InlinePtr #cards 4 size 8 Array Of Cards #cards 16 size 48 Howl #buckets 8 coarsen threshold 3686 Howl Bitmap #cards 512 size 80 coarsen threshold 460 Card regions per heap region 1 cards per card region 4096
 CPUs: 8 total, 8 available
 Memory: 14258M
 Large Page Support: Disabled
 NUMA Support: Disabled
 Compressed Oops: Enabled (Zero based)
 Heap Region Size: 2M
 Heap Min Capacity: 8M
 Heap Initial Capacity: 224M
 Heap Max Capacity: 3566M
 Pre-touch: Disabled
 Parallel Workers: 8
 Concurrent Workers: 2
 Concurrent Refinement Workers: 8
 Periodic GC: Disabled
Heap:
 garbage-first heap   total 229376K, used 23998K [0x0000000721200000, 0x0000000800000000)
  region size 2048K, 8 young (16384K), 8 survivors (16384K)
 Metaspace       used 21214K, committed 21504K, reserved 1114112K
  class space    used 2495K, committed 2624K, reserved 1048576K
GC Heap History (15 events):
Event: 0.596 GC heap before
{Heap before GC invocations=0 (full 0):
 garbage-first heap   total 229376K, used 20480K [0x0000000721200000, 0x0000000800000000)
  region size 2048K, 11 young (22528K), 0 survivors (0K)
 Metaspace       used 5671K, committed 5824K, reserved 1114112K
  class space    used 667K, committed 768K, reserved 1048576K
}
Event: 0.602 GC heap after
{Heap after GC invocations=1 (full 0):
 garbage-first heap   total 229376K, used 3915K [0x0000000721200000, 0x0000000800000000)
  region size 2048K, 2 young (4096K), 2 survivors (4096K)
 Metaspace       used 5671K, committed 5824K, reserved 1114112K
  class space    used 667K, committed 768K, reserved 1048576K
}
Event: 1.350 GC heap before
{Heap before GC invocations=1 (full 0):
 garbage-first heap   total 229376K, used 36683K [0x0000000721200000, 0x0000000800000000)
  region size 2048K, 18 young (36864K), 2 survivors (4096K)
 Metaspace       used 9918K, committed 10048K, reserved 1114112K
  class space    used 1189K, committed 1280K, reserved 1048576K
}
Event: 1.356 GC heap after
{Heap after GC invocations=2 (full 0):
 garbage-first heap   total 229376K, used 5518K [0x0000000721200000, 0x0000000800000000)
  region size 2048K, 1 young (2048K), 1 survivors (2048K)
 Metaspace       used 9918K, committed 10048K, reserved 1114112K
  class space    used 1189K, committed 1280K, reserved 1048576K
}
Event: 3.695 GC heap before
{Heap before GC invocations=2 (full 0):
 garbage-first heap   total 229376K, used 212366K [0x0000000721200000, 0x0000000800000000)
  region size 2048K, 55 young (112640K), 1 survivors (2048K)
 Metaspace       used 17642K, committed 17984K, reserved 1114112K
  class space    used 2043K, committed 2176K, reserved 1048576K
}
Event: 3.705 GC heap after
{Heap after GC invocations=3 (full 0):
 garbage-first heap   total 229376K, used 14278K [0x0000000721200000, 0x0000000800000000)
  region size 2048K, 6 young (12288K), 6 survivors (12288K)
 Metaspace       used 17642K, committed 17984K, reserved 1114112K
  class space    used 2043K, committed 2176K, reserved 1048576K
}
Event: 3.743 GC heap before
{Heap before GC invocations=3 (full 0):
 garbage-first heap   total 229376K, used 114630K [0x0000000721200000, 0x0000000800000000)
  region size 2048K, 8 young (16384K), 6 survivors (12288K)
 Metaspace       used 17654K, committed 17984K, reserved 1114112K
  class space    used 2043K, committed 2176K, reserved 1048576K
}
Event: 3.750 GC heap after
{Heap after GC invocations=4 (full 0):
 garbage-first heap   total 229376K, used 14387K [0x0000000721200000, 0x0000000800000000)
  region size 2048K, 5 young (10240K), 5 survivors (10240K)
 Metaspace       used 17654K, committed 17984K, reserved 1114112K
  class space    used 2043K, committed 2176K, reserved 1048576K
}
Event: 3.768 GC heap before
{Heap before GC invocations=4 (full 0):
 garbage-first heap   total 229376K, used 100403K [0x0000000721200000, 0x0000000800000000)
  region size 2048K, 6 young (12288K), 5 survivors (10240K)
 Metaspace       used 17656K, committed 17984K, reserved 1114112K
  class space    used 2043K, committed 2176K, reserved 1048576K
}
Event: 3.776 GC heap after
{Heap after GC invocations=5 (full 0):
 garbage-first heap   total 229376K, used 35604K [0x0000000721200000, 0x0000000800000000)
  region size 2048K, 5 young (10240K), 5 survivors (10240K)
 Metaspace       used 17656K, committed 17984K, reserved 1114112K
  class space    used 2043K, committed 2176K, reserved 1048576K
}
Event: 3.792 GC heap before
{Heap before GC invocations=5 (full 0):
 garbage-first heap   total 229376K, used 101140K [0x0000000721200000, 0x0000000800000000)
  region size 2048K, 6 young (12288K), 5 survivors (10240K)
 Metaspace       used 17656K, committed 17984K, reserved 1114112K
  class space    used 2043K, committed 2176K, reserved 1048576K
}
Event: 3.799 GC heap after
{Heap after GC invocations=6 (full 0):
 garbage-first heap   total 229376K, used 34931K [0x0000000721200000, 0x0000000800000000)
  region size 2048K, 5 young (10240K), 5 survivors (10240K)
 Metaspace       used 17656K, committed 17984K, reserved 1114112K
  class space    used 2043K, committed 2176K, reserved 1048576K
}
Event: 3.816 GC heap before
{Heap before GC invocations=6 (full 0):
 garbage-first heap   total 229376K, used 100467K [0x0000000721200000, 0x0000000800000000)
  region size 2048K, 6 young (12288K), 5 survivors (10240K)
 Metaspace       used 17656K, committed 17984K, reserved 1114112K
  class space    used 2043K, committed 2176K, reserved 1048576K
}
Event: 3.824 GC heap after
{Heap after GC invocations=7 (full 0):
 garbage-first heap   total 229376K, used 35631K [0x0000000721200000, 0x0000000800000000)
  region size 2048K, 5 young (10240K), 5 survivors (10240K)
 Metaspace       used 17656K, committed 17984K, reserved 1114112K
  class space    used 2043K, committed 2176K, reserved 1048576K
}
Event: 4.405 GC heap before
{Heap before GC invocations=7 (full 0):
 garbage-first heap   total 229376K, used 113455K [0x0000000721200000, 0x0000000800000000)
  region size 2048K, 20 young (40960K), 5 survivors (10240K)
 Metaspace       used 21214K, committed 21504K, reserved 1114112K
  class space    used 2495K, committed 2624K, reserved 1048576K
}

